This file contains any messages produced by compilers while
running configure, to aid debugging if configure makes a mistake.

It was created by curl configure -, which was
generated by GNU Autoconf 2.64.  Invocation command line was

  $ ./configure --disable-shared --enable-static --disable-dependency-tracking --host=armv7-apple-darwin

## --------- ##
## Platform. ##
## --------- ##

hostname = doorxp.local
uname -m = x86_64
uname -r = 12.2.0
uname -s = Darwin
uname -v = Darwin Kernel Version 12.2.0: Sat Aug 25 00:48:52 PDT 2012; root:xnu-2050.18.24~1/RELEASE_X86_64

/usr/bin/uname -p = i386
/bin/uname -X     = unknown

/bin/arch              = unknown
/usr/bin/arch -k       = unknown
/usr/convex/getsysinfo = unknown
/usr/bin/hostinfo      = Mach kernel version:
	 Darwin Kernel Version 12.2.0: Sat Aug 25 00:48:52 PDT 2012; root:xnu-2050.18.24~1/RELEASE_X86_64
Kernel configured for up to 2 processors.
2 processors are physically available.
2 processors are logically available.
Processor type: i486 (Intel 80486)
Processors active: 0 1
Primary memory available: 8.00 gigabytes
Default processor set: 125 tasks, 646 threads, 2 processors
Load average: 1.48, Mach factor: 0.59
/bin/machine           = unknown
/usr/bin/oslevel       = unknown
/bin/universe          = unknown

PATH: /opt/local/bin
PATH: /Volumes/e/Applications/Xcode.app/Contents/Developer/Platforms/iPhoneOS.platform/Developer/usr/bin
PATH: /opt/local/bin
PATH: /opt/local/sbin
PATH: /bin
PATH: /sbin
PATH: /usr/sbin
PATH: /usr/local/bin
PATH: /usr/local/mysql-5.5.29-osx10.6-x86_64/bin
PATH: /Volumes/d/adt-bundle-mac-x86_64/android-ndk-r8b
PATH: /usr/bin


## ----------- ##
## Core tests. ##
## ----------- ##

configure:2730: checking whether to enable maintainer-specific portions of Makefiles
configure:2739: result: no
configure:2756: checking whether to enable debug build options
configure:2775: result: no
configure:2779: checking whether to enable compiler optimizer
configure:2800: result: (assumed) yes
configure:2812: checking whether to enable strict compiler warnings
configure:2831: result: no
configure:2835: checking whether to enable compiler warnings as errors
configure:2854: result: no
configure:2858: checking whether to enable curl debug memory tracking
configure:2877: result: no
configure:2891: checking whether to enable hiding of library internal symbols
configure:2912: result: yes
configure:2923: checking whether to enable c-ares for DNS lookups
configure:2945: result: no
configure:2967: checking for sed
configure:2986: found /usr/bin/sed
configure:2999: result: /usr/bin/sed
configure:3016: checking for grep
configure:3035: found /usr/bin/grep
configure:3048: result: /usr/bin/grep
configure:3064: checking for egrep
configure:3067: result: /usr/bin/grep -E
configure:3123: checking for armv7-apple-darwin-ar
configure:3157: result: no
configure:3167: checking for ar
configure:3186: found /Volumes/e/Applications/Xcode.app/Contents/Developer/Platforms/iPhoneOS.platform/Developer/usr/bin/ar
configure:3198: result: /Volumes/e/Applications/Xcode.app/Contents/Developer/Platforms/iPhoneOS.platform/Developer/usr/bin/ar
configure:3271: checking for a BSD-compatible install
configure:3339: result: /opt/local/bin/ginstall -c
configure:3350: checking whether build environment is sane
configure:3387: result: yes
configure:3449: checking for gawk
configure:3465: found /opt/local/bin/gawk
configure:3476: result: gawk
configure:3487: checking whether make sets $(MAKE)
configure:3509: result: yes
configure:3583: checking for armv7-apple-darwin-strip
configure:3613: result: no
configure:3623: checking for strip
configure:3639: found /Volumes/e/Applications/Xcode.app/Contents/Developer/Platforms/iPhoneOS.platform/Developer/usr/bin/strip
configure:3650: result: strip
configure:3687: checking curl version
configure:3689: result: 7.28.1
configure:3733: checking build system type
configure:3747: result: x86_64-apple-darwin12.2.0
configure:3767: checking host system type
configure:3780: result: armv7-apple-darwin
configure:3818: checking for style of include used by make
configure:3846: result: GNU
configure:3882: checking for armv7-apple-darwin-gcc
configure:3909: result: /Volumes/e/Applications/Xcode.app/Contents/Developer/Platforms/iPhoneOS.platform/Developer/usr/bin/llvm-gcc-4.2
configure:4178: checking for C compiler version
configure:4187: /Volumes/e/Applications/Xcode.app/Contents/Developer/Platforms/iPhoneOS.platform/Developer/usr/bin/llvm-gcc-4.2 --version >&5
i686-apple-darwin10-llvm-gcc-4.2 (GCC) 4.2.1 (Based on Apple Inc. build 5658) (LLVM build 2410.2.00)
Copyright (C) 2007 Free Software Foundation, Inc.
This is free software; see the source for copying conditions.  There is NO
warranty; not even for MERCHANTABILITY or FITNESS FOR A PARTICULAR PURPOSE.

configure:4198: $? = 0
configure:4187: /Volumes/e/Applications/Xcode.app/Contents/Developer/Platforms/iPhoneOS.platform/Developer/usr/bin/llvm-gcc-4.2 -v >&5
Using built-in specs.
Target: i686-apple-darwin10
Configured with: /private/var/tmp/llvmgcc42_Embedded/llvmgcc42_Embedded-2410.2~111/src/configure --enable-checking --enable-werror --prefix=/Developer/usr/llvm-gcc-4.2 --mandir=/share/man --enable-languages=c,objc,c++,obj-c++ --program-prefix=llvm- --program-transform-name=/^[cg][^.-]*$/s/$/-4.2/ --with-slibdir=/usr/lib --disable-tls --build=i686-apple-darwin10 --enable-llvm=/private/var/tmp/llvmgcc42_Embedded/llvmgcc42_Embedded-2410.2~111/dst-llvmCore/Developer/usr/local --program-prefix=i686-apple-darwin10- --host=x86_64-apple-darwin10 --target=i686-apple-darwin10 --with-gxx-include-dir=/usr/include/c++/4.2.1
Thread model: posix
gcc version 4.2.1 (Based on Apple Inc. build 5658) (LLVM build 2410.2.00)
configure:4198: $? = 0
configure:4187: /Volumes/e/Applications/Xcode.app/Contents/Developer/Platforms/iPhoneOS.platform/Developer/usr/bin/llvm-gcc-4.2 -V >&5
llvm-gcc-4.2: argument to `-V' is missing
configure:4198: $? = 1
configure:4187: /Volumes/e/Applications/Xcode.app/Contents/Developer/Platforms/iPhoneOS.platform/Developer/usr/bin/llvm-gcc-4.2 -qversion >&5
i686-apple-darwin10-llvm-gcc-4.2: no input files
configure:4198: $? = 1
configure:4219: checking for C compiler default output file name
configure:4241: /Volumes/e/Applications/Xcode.app/Contents/Developer/Platforms/iPhoneOS.platform/Developer/usr/bin/llvm-gcc-4.2 -arch armv7 -arch armv7s -pipe -Os -gdwarf-2 -isysroot /Volumes/e/Applications/Xcode.app/Contents/Developer/Platforms/iPhoneOS.platform/Developer/SDKs/iPhoneOS6.1.sdk  -arch armv7 -arch armv7s -isysroot /Volumes/e/Applications/Xcode.app/Contents/Developer/Platforms/iPhoneOS.platform/Developer/SDKs/iPhoneOS{SDKVER}.sdk conftest.c  >&5
conftest.c:12:19: error: stdio.h: No such file or directory
conftest.c: In function 'main':
conftest.c:15: error: 'FILE' undeclared (first use in this function)
conftest.c:15: error: (Each undeclared identifier is reported only once
conftest.c:15: error: for each function it appears in.)
conftest.c:15: error: 'f' undeclared (first use in this function)
conftest.c:12:19: error: stdio.h: No such file or directory
conftest.c: In function 'main':
conftest.c:15: error: 'FILE' undeclared (first use in this function)
conftest.c:15: error: (Each undeclared identifier is reported only once
conftest.c:15: error: for each function it appears in.)
conftest.c:15: error: 'f' undeclared (first use in this function)
lipo: can't figure out the architecture type of: /var/folders/q1/84b9lnr95y34459dm0504b7c0000gn/T//ccq5XQOL.out
configure:4245: $? = 1
configure:4282: result: 
configure: failed program was:
| /* confdefs.h */
| #define PACKAGE_NAME "curl"
| #define PACKAGE_TARNAME "curl"
| #define PACKAGE_VERSION "-"
| #define PACKAGE_STRING "curl -"
| #define PACKAGE_BUGREPORT "a suitable curl mailing list: http://curl.haxx.se/mail/"
| #define PACKAGE_URL ""
| #define PACKAGE "curl"
| #define VERSION "-"
| #define OS "armv7-apple-darwin"
| /* end confdefs.h.  */
| #include <stdio.h>
| int main (void)
| {
| FILE *f = fopen ("conftest.out", "w");
|  return ferror (f) || fclose (f) != 0;
| 
|  ;
|  return 0;
| }
configure:4288: error: in `/Volumes/d/MyGit/gandom/Gangdom/Dependencies/curl/curl-7.28.1':
configure:4292: error: C compiler cannot create executables
See `config.log' for more details.

## ---------------- ##
## Cache variables. ##
## ---------------- ##

ac_cv_build=x86_64-apple-darwin12.2.0
ac_cv_env_CC_set=set
ac_cv_env_CC_value=/Volumes/e/Applications/Xcode.app/Contents/Developer/Platforms/iPhoneOS.platform/Developer/usr/bin/llvm-gcc-4.2
ac_cv_env_CFLAGS_set=set
ac_cv_env_CFLAGS_value='-arch armv7 -arch armv7s -pipe -Os -gdwarf-2 -isysroot /Volumes/e/Applications/Xcode.app/Contents/Developer/Platforms/iPhoneOS.platform/Developer/SDKs/iPhoneOS6.1.sdk'
ac_cv_env_CPPFLAGS_set=
ac_cv_env_CPPFLAGS_value=
ac_cv_env_CPP_set=
ac_cv_env_CPP_value=
ac_cv_env_LDFLAGS_set=set
ac_cv_env_LDFLAGS_value='-arch armv7 -arch armv7s -isysroot /Volumes/e/Applications/Xcode.app/Contents/Developer/Platforms/iPhoneOS.platform/Developer/SDKs/iPhoneOS{SDKVER}.sdk'
ac_cv_env_LIBS_set=
ac_cv_env_LIBS_value=
ac_cv_env_build_alias_set=
ac_cv_env_build_alias_value=
ac_cv_env_host_alias_set=set
ac_cv_env_host_alias_value=armv7-apple-darwin
ac_cv_env_target_alias_set=
ac_cv_env_target_alias_value=
ac_cv_host=armv7-apple-darwin
ac_cv_path_GREP=/usr/bin/grep
ac_cv_path_SED=/usr/bin/sed
ac_cv_path_ac_pt_AR=/Volumes/e/Applications/Xcode.app/Contents/Developer/Platforms/iPhoneOS.platform/Developer/usr/bin/ar
ac_cv_path_install='/opt/local/bin/ginstall -c'
ac_cv_prog_AWK=gawk
ac_cv_prog_CC=/Volumes/e/Applications/Xcode.app/Contents/Developer/Platforms/iPhoneOS.platform/Developer/usr/bin/llvm-gcc-4.2
ac_cv_prog_ac_ct_STRIP=strip
ac_cv_prog_make_make_set=yes
curl_cv_PATH_SEPARATOR=:

## ----------------- ##
## Output variables. ##
## ----------------- ##

ACLOCAL='${SHELL} "/Volumes/d/MyGit/gandom/Gangdom/Dependencies/curl/curl-7.28.1/missing" --run aclocal-1.9'
AMDEPBACKSLASH=''
AMDEP_FALSE=''
AMDEP_TRUE='#'
AMTAR='${SHELL} "/Volumes/d/MyGit/gandom/Gangdom/Dependencies/curl/curl-7.28.1/missing" --run tar'
AR='/Volumes/e/Applications/Xcode.app/Contents/Developer/Platforms/iPhoneOS.platform/Developer/usr/bin/ar'
AS=''
AUTOCONF='${SHELL} "/Volumes/d/MyGit/gandom/Gangdom/Dependencies/curl/curl-7.28.1/missing" --run autoconf'
AUTOHEADER='${SHELL} "/Volumes/d/MyGit/gandom/Gangdom/Dependencies/curl/curl-7.28.1/missing" --run autoheader'
AUTOMAKE='${SHELL} "/Volumes/d/MyGit/gandom/Gangdom/Dependencies/curl/curl-7.28.1/missing" --run automake-1.9'
AWK='gawk'
BUILD_LIBHOSTNAME_FALSE=''
BUILD_LIBHOSTNAME_TRUE=''
BUILD_UNITTESTS_FALSE=''
BUILD_UNITTESTS_TRUE=''
CC='/Volumes/e/Applications/Xcode.app/Contents/Developer/Platforms/iPhoneOS.platform/Developer/usr/bin/llvm-gcc-4.2'
CCDEPMODE=''
CFLAGS='-arch armv7 -arch armv7s -pipe -Os -gdwarf-2 -isysroot /Volumes/e/Applications/Xcode.app/Contents/Developer/Platforms/iPhoneOS.platform/Developer/SDKs/iPhoneOS6.1.sdk'
CFLAG_CURL_SYMBOL_HIDING=''
CONFIGURE_OPTIONS='" '\''--disable-shared'\'' '\''--enable-static'\'' '\''--disable-dependency-tracking'\'' '\''--host=armv7-apple-darwin'\'' '\''host_alias=armv7-apple-darwin'\'' '\''CC=/Volumes/e/Applications/Xcode.app/Contents/Developer/Platforms/iPhoneOS.platform/Developer/usr/bin/llvm-gcc-4.2'\'' '\''CFLAGS=-arch armv7 -arch armv7s -pipe -Os -gdwarf-2 -isysroot /Volumes/e/Applications/Xcode.app/Contents/Developer/Platforms/iPhoneOS.platform/Developer/SDKs/iPhoneOS6.1.sdk'\'' '\''LDFLAGS=-arch armv7 -arch armv7s -isysroot /Volumes/e/Applications/Xcode.app/Contents/Developer/Platforms/iPhoneOS.platform/Developer/SDKs/iPhoneOS{SDKVER}.sdk'\''"'
CPP=''
CPPFLAGS=''
CPPFLAG_CURL_STATICLIB=''
CROSSCOMPILING_FALSE=''
CROSSCOMPILING_TRUE=''
CURLDEBUG_FALSE=''
CURLDEBUG_TRUE=''
CURLVERSION='7.28.1'
CURL_CA_BUNDLE=''
CURL_CFLAG_EXTRAS=''
CURL_DISABLE_DICT=''
CURL_DISABLE_FILE=''
CURL_DISABLE_FTP=''
CURL_DISABLE_GOPHER=''
CURL_DISABLE_HTTP=''
CURL_DISABLE_IMAP=''
CURL_DISABLE_LDAP=''
CURL_DISABLE_LDAPS=''
CURL_DISABLE_POP3=''
CURL_DISABLE_PROXY=''
CURL_DISABLE_RTSP=''
CURL_DISABLE_SMTP=''
CURL_DISABLE_TELNET=''
CURL_DISABLE_TFTP=''
CURL_LIBS=''
CURL_NETWORK_LIBS=''
CYGPATH_W='echo'
DEFS=''
DEPDIR='.deps'
DLLTOOL=''
DOING_CURL_SYMBOL_HIDING_FALSE=''
DOING_CURL_SYMBOL_HIDING_TRUE=''
DOING_NATIVE_WINDOWS_FALSE=''
DOING_NATIVE_WINDOWS_TRUE=''
DSYMUTIL=''
DUMPBIN=''
ECHO_C='\c'
ECHO_N=''
ECHO_T=''
EGREP='/usr/bin/grep -E'
ENABLE_SHARED=''
EXEEXT=''
FGREP=''
GREP='/usr/bin/grep'
HAVE_GNUTLS_SRP=''
HAVE_LDAP_SSL=''
HAVE_LIBZ=''
HAVE_LIBZ_FALSE=''
HAVE_LIBZ_TRUE=''
HAVE_NSS_INITCONTEXT=''
HAVE_SSLEAY_SRP=''
IDN_ENABLED=''
INSTALL_DATA='${INSTALL} -m 644'
INSTALL_PROGRAM='${INSTALL}'
INSTALL_SCRIPT='${INSTALL}'
INSTALL_STRIP_PROGRAM='${SHELL} $(install_sh) -c -s'
IPV6_ENABLED=''
KRB4_ENABLED=''
LD=''
LDFLAGS='-arch armv7 -arch armv7s -isysroot /Volumes/e/Applications/Xcode.app/Contents/Developer/Platforms/iPhoneOS.platform/Developer/SDKs/iPhoneOS{SDKVER}.sdk'
LIBCURL_LIBS=''
LIBMETALINK_CFLAGS=''
LIBMETALINK_LDFLAGS=''
LIBMETALINK_LIBS=''
LIBOBJS=''
LIBS=''
LIBTOOL=''
LIPO=''
LN_S=''
LTLIBOBJS=''
MAINT='#'
MAINTAINER_MODE_FALSE=''
MAINTAINER_MODE_TRUE='#'
MAKEINFO='${SHELL} "/Volumes/d/MyGit/gandom/Gangdom/Dependencies/curl/curl-7.28.1/missing" --run makeinfo'
MANIFEST_TOOL=''
MANOPT=''
MIMPURE_FALSE=''
MIMPURE_TRUE=''
NM=''
NMEDIT=''
NO_UNDEFINED_FALSE=''
NO_UNDEFINED_TRUE=''
NROFF=''
OBJDUMP=''
OBJEXT=''
OTOOL64=''
OTOOL=''
PACKAGE='curl'
PACKAGE_BUGREPORT='a suitable curl mailing list: http://curl.haxx.se/mail/'
PACKAGE_NAME='curl'
PACKAGE_STRING='curl -'
PACKAGE_TARNAME='curl'
PACKAGE_URL=''
PACKAGE_VERSION='-'
PATH='/opt/local/bin:/Volumes/e/Applications/Xcode.app/Contents/Developer/Platforms/iPhoneOS.platform/Developer/usr/bin:/opt/local/bin:/opt/local/sbin:/bin:/sbin:/usr/sbin:/usr/local/bin:/usr/local/mysql-5.5.29-osx10.6-x86_64/bin:/Volumes/d/adt-bundle-mac-x86_64/android-ndk-r8b:/usr/bin'
PATH_SEPARATOR=':'
PERL=''
PKGADD_NAME='cURL - a client that groks URLs'
PKGADD_PKG='HAXXcurl'
PKGADD_VENDOR='curl.haxx.se'
PKGCONFIG=''
RANDOM_FILE=''
RANLIB=''
REQUIRE_LIB_DEPS=''
SED='/usr/bin/sed'
SET_MAKE=''
SHELL='/bin/sh'
SONAME_BUMP_FALSE=''
SONAME_BUMP_TRUE=''
SSL_ENABLED=''
STRIP='strip'
SUPPORT_FEATURES=''
SUPPORT_PROTOCOLS=''
TEST_SERVER_LIBS=''
USE_ARES=''
USE_AXTLS=''
USE_CPPFLAG_BUILDING_LIBCURL_FALSE=''
USE_CPPFLAG_BUILDING_LIBCURL_TRUE=''
USE_CPPFLAG_CURL_STATICLIB_FALSE=''
USE_CPPFLAG_CURL_STATICLIB_TRUE=''
USE_CYASSL=''
USE_DARWINSSL=''
USE_EMBEDDED_ARES_FALSE=''
USE_EMBEDDED_ARES_TRUE=''
USE_GNUTLS=''
USE_GNUTLS_NETTLE=''
USE_LIBRTMP=''
USE_LIBSSH2=''
USE_MANUAL_FALSE=''
USE_MANUAL_TRUE=''
USE_NSS=''
USE_OPENLDAP=''
USE_POLARSSL=''
USE_SCHANNEL=''
USE_SSLEAY=''
USE_WINDOWS_SSPI=''
VERSION='-'
VERSIONED_FLAVOUR=''
VERSIONED_SYMBOLS_FALSE=''
VERSIONED_SYMBOLS_TRUE=''
VERSIONNUM='071c01'
ac_ct_AR=''
ac_ct_CC=''
ac_ct_DUMPBIN=''
am__fastdepCC_FALSE=''
am__fastdepCC_TRUE=''
am__include='include'
am__leading_dot='.'
am__quote=''
am__tar='${AMTAR} chof - "$$tardir"'
am__untar='${AMTAR} xf -'
bindir='${exec_prefix}/bin'
build='x86_64-apple-darwin12.2.0'
build_alias=''
build_cpu='x86_64'
build_os='darwin12.2.0'
build_vendor='apple'
datadir='${datarootdir}'
datarootdir='${prefix}/share'
docdir='${datarootdir}/doc/${PACKAGE_TARNAME}'
dvidir='${docdir}'
exec_prefix='NONE'
host='armv7-apple-darwin'
host_alias='armv7-apple-darwin'
host_cpu='armv7'
host_os='darwin'
host_vendor='apple'
htmldir='${docdir}'
includedir='${prefix}/include'
infodir='${datarootdir}/info'
install_sh='/Volumes/d/MyGit/gandom/Gangdom/Dependencies/curl/curl-7.28.1/install-sh'
libdir='${exec_prefix}/lib'
libexecdir='${exec_prefix}/libexec'
libext=''
localedir='${datarootdir}/locale'
localstatedir='${prefix}/var'
mandir='${datarootdir}/man'
mkdir_p='$(mkinstalldirs)'
oldincludedir='/usr/include'
pdfdir='${docdir}'
prefix='NONE'
program_transform_name='s,x,x,'
psdir='${docdir}'
sbindir='${exec_prefix}/sbin'
sharedstatedir='${prefix}/com'
subdirs=''
sysconfdir='${prefix}/etc'
target_alias=''

## ----------- ##
## confdefs.h. ##
## ----------- ##

/* confdefs.h */
#define PACKAGE_NAME "curl"
#define PACKAGE_TARNAME "curl"
#define PACKAGE_VERSION "-"
#define PACKAGE_STRING "curl -"
#define PACKAGE_BUGREPORT "a suitable curl mailing list: http://curl.haxx.se/mail/"
#define PACKAGE_URL ""
#define PACKAGE "curl"
#define VERSION "-"
#define OS "armv7-apple-darwin"

configure: exit 77
